<?xml version="1.0" encoding="UTF-8"?>
<!-- Generated by org.testng.reporters.JUnitReportReporter -->
<testsuite skipped="0" hostname="hp" name="TestClass.AddToCart" tests="1" failures="0" timestamp="26 Jun 2018 08:35:31 GMT" time="41.257" errors="0">
  <testcase name="addToCart" time="41.257" classname="TestClass.AddToCart"/>
</testsuite> <!-- TestClass.AddToCart -->
