<?xml version="1.0" encoding="UTF-8"?>
<!-- Generated by org.testng.reporters.JUnitReportReporter -->
<testsuite skipped="0" hostname="hp" name="TestClass.CustomerService" tests="1" failures="0" timestamp="26 Jun 2018 08:35:31 GMT" time="44.222" errors="0">
  <testcase name="customerServiceDetails" time="44.222" classname="TestClass.CustomerService"/>
</testsuite> <!-- TestClass.CustomerService -->
