<?xml version="1.0" encoding="UTF-8"?>
<!-- Generated by org.testng.reporters.JUnitReportReporter -->
<testsuite skipped="0" hostname="hp" name="TatacliqApplnt.Mainclass5" tests="1" failures="0" timestamp="21 Jun 2018 11:08:52 GMT" time="85.266" errors="0">
  <testcase name="Loginactions" time="85.266" classname="TatacliqApplnt.Mainclass5"/>
</testsuite> <!-- TatacliqApplnt.Mainclass5 -->
