<?xml version="1.0" encoding="UTF-8"?>
<!-- Generated by org.testng.reporters.JUnitReportReporter -->
<testsuite skipped="0" hostname="hp" name="TestClass.TrackProduct" tests="1" failures="0" timestamp="26 Jun 2018 08:35:31 GMT" time="56.580" errors="0">
  <testcase name="trackingProduct" time="56.580" classname="TestClass.TrackProduct"/>
</testsuite> <!-- TestClass.TrackProduct -->
