<?xml version="1.0" encoding="UTF-8"?>
<!-- Generated by org.testng.reporters.JUnitReportReporter -->
<testsuite skipped="0" hostname="hp" name="TatacliqApplnt.Mainclass7" tests="1" failures="0" timestamp="21 Jun 2018 20:16:51 GMT" time="87.028" errors="0">
  <testcase name="Loginactions" time="87.028" classname="TatacliqApplnt.Mainclass7"/>
</testsuite> <!-- TatacliqApplnt.Mainclass7 -->
