<?xml version="1.0" encoding="UTF-8"?>
<!-- Generated by org.testng.reporters.JUnitReportReporter -->
<testsuite skipped="0" hostname="hp" name="TatacliqApplnt.Mainclass4" tests="1" failures="0" timestamp="21 Jun 2018 10:30:04 GMT" time="69.331" errors="0">
  <testcase name="Loginactions" time="69.331" classname="TatacliqApplnt.Mainclass4"/>
</testsuite> <!-- TatacliqApplnt.Mainclass4 -->
