<?xml version="1.0" encoding="UTF-8"?>
<!-- Generated by org.testng.reporters.JUnitReportReporter -->
<testsuite skipped="0" hostname="hp" name="TatacliqApplnt.Mainclass3" tests="1" failures="0" timestamp="21 Jun 2018 10:15:22 GMT" time="337.820" errors="0">
  <testcase name="Loginactions" time="337.820" classname="TatacliqApplnt.Mainclass3"/>
</testsuite> <!-- TatacliqApplnt.Mainclass3 -->
