<?xml version="1.0" encoding="UTF-8"?>
<!-- Generated by org.testng.reporters.JUnitReportReporter -->
<testsuite skipped="0" hostname="hp" name="TestClass.SearchProduct" tests="1" failures="0" timestamp="26 Jun 2018 08:35:31 GMT" time="69.707" errors="0">
  <testcase name="searchForProduct" time="69.707" classname="TestClass.SearchProduct"/>
</testsuite> <!-- TestClass.SearchProduct -->
