<?xml version="1.0" encoding="UTF-8"?>
<!-- Generated by org.testng.reporters.JUnitReportReporter -->
<testsuite skipped="0" hostname="hp" name="TatacliqApplnt.Maianclass6" tests="1" failures="0" timestamp="21 Jun 2018 18:31:45 GMT" time="95.967" errors="0">
  <testcase name="Loginactions" time="95.967" classname="TatacliqApplnt.Maianclass6"/>
</testsuite> <!-- TatacliqApplnt.Maianclass6 -->
