<?xml version="1.0" encoding="UTF-8"?>
<!-- Generated by org.testng.reporters.JUnitReportReporter -->
<testsuite skipped="0" hostname="hp" name="TestClass.CheckProduct" tests="1" failures="0" timestamp="26 Jun 2018 08:35:31 GMT" time="146.354" errors="0">
  <testcase name="checkingForProduct" time="146.354" classname="TestClass.CheckProduct"/>
</testsuite> <!-- TestClass.CheckProduct -->
